{"content": {"suites": {"0": {"status": {"total_pass": 4, "total_skip": 0, "total_xpass": 0, "total_xfail": 0, "total_rerun": 0, "total_fail": 1, "total_error": 0}, "tests": {"0": {"status": "PASS", "message": "", "test_name": "test_transaction_Negitive_amount_colors", "rerun": "0"}, "1": {"status": "PASS", "message": "", "test_name": "test_transaction_Positive_amount_colors", "rerun": "0"}, "2": {"status": "FAIL", "message": "   selenium.common.exceptions.ElementClickInterceptedException: Message: element click intercepted: Element <div aria-hidden=\"true\" class=\"MuiBackdrop-root MuiBackdrop-invisible MuiModal-backdrop css-g3hgs1-MuiBackdrop-root-MuiModal-backdrop\" style=\"opacity: 1; transition: opacity 225ms cubic-bezier(0.4, 0, 0.2, 1);\"></div> is not clickable at point (641, 295). Other element would receive the click: <span data-test=\"transaction-list-filter-amount-range-slider\" class=\"MuiSlider-root MuiSlider-colorPrimary MuiSlider-sizeMedium css-1yd5pyj-MuiSlider-root\">...</span>\n     (Session info: chrome=131.0.6778.86)\n   Stacktrace:\n   \tGetHandleVerifier [0x00007FF6A3546CF5+28821]\n   \t(No symbol) [0x00007FF6A34B3880]\n   \t(No symbol) [0x00007FF6A335578A]\n   \t(No symbol) [0x00007FF6A33B0E8E]\n   \t(No symbol) [0x00007FF6A33AE92C]\n   \t(No symbol) [0x00007FF6A33ABAF6]\n   \t(No symbol) [0x00007FF6A33AAA51]\n   \t(No symbol) [0x00007FF6A339CBA0]\n   \t(No symbol) [0x00007FF6A33CF2FA]\n   \t(No symbol) [0x00007FF6A339C3F6]\n   \t(No symbol) [0x00007FF6A33CF510]\n   \t(No symbol) [0x00007FF6A33EF412]\n   \t(No symbol) [0x00007FF6A33CF0A3]\n   \t(No symbol) [0x00007FF6A339A778]\n   \t(No symbol) [0x00007FF6A339B8E1]\n   \tGetHandleVerifier [0x00007FF6A387FCED+3408013]\n   \tGetHandleVerifier [0x00007FF6A389745F+3504127]\n   \tGetHandleVerifier [0x00007FF6A388B63D+3455453]\n   \tGetHandleVerifier [0x00007FF6A360BDFB+835995]\n   \t(No symbol) [0x00007FF6A34BEB9F]\n   \t(No symbol) [0x00007FF6A34BA854]\n   \t(No symbol) [0x00007FF6A34BA9ED]\n   \t(No symbol) [0x00007FF6A34AA1D9]\n   \tBaseThreadInitThunk [0x00007FFF0240259D+29]\n   \tRtlUserThreadStart [0x00007FFF02F0AF38+40]\n", "test_name": "test_homePageAmountSorted", "rerun": "0"}, "3": {"status": "PASS", "message": "", "test_name": "test_homePageTransactionDetail", "rerun": "0"}, "4": {"status": "PASS", "message": "", "test_name": "test_homePageAddingComment", "rerun": "0"}}, "suite_name": "Tests/test_HomPage.py"}, "1": {"suite_name": "Tests/test_NotificationSuite.py", "tests": {"0": {"status": "PASS", "message": "", "test_name": "test_dismiss_notification_updates_count", "rerun": "0"}}, "status": {"total_pass": 1, "total_skip": 0, "total_xpass": 0, "total_xfail": 0, "total_rerun": 0, "total_fail": 0, "total_error": 0}}, "2": {"suite_name": "Tests/test_SignInSuite.py", "tests": {"0": {"status": "FAIL", "message": " TypeError: ActionChains.move_to_element() takes 2 positional arguments but 4 were given\n", "test_name": "test_SingInWithWrongPassword", "rerun": "0"}, "1": {"status": "FAIL", "message": " AssertionError: assert 'Username or ...rd is invalid' == 'Account does not exist'\n   \n   - Account does not exist\n   + Username or password is invalid\n", "test_name": "test_SignInWithAccountDoesNotExist", "rerun": "0"}, "2": {"status": "PASS", "message": "", "test_name": "test_SignInWithAnEmptyinput", "rerun": "0"}, "3": {"status": "PASS", "message": "", "test_name": "test_SignIncorrectly", "rerun": "0"}}, "status": {"total_pass": 2, "total_skip": 0, "total_xpass": 0, "total_xfail": 0, "total_rerun": 0, "total_fail": 2, "total_error": 0}}, "3": {"suite_name": "Tests/test_SignUpSuite.py", "tests": {"0": {"status": "PASS", "message": "", "test_name": "test_signUpwithPasswordsdoesnotmatch", "rerun": "0"}, "1": {"status": "FAIL", "message": "   selenium.common.exceptions.TimeoutException: Message: \n   Stacktrace:\n   \tGetHandleVerifier [0x00007FF6A3546CF5+28821]\n   \t(No symbol) [0x00007FF6A34B3880]\n   \t(No symbol) [0x00007FF6A335578A]\n   \t(No symbol) [0x00007FF6A33A91BE]\n   \t(No symbol) [0x00007FF6A33A94AC]\n   \t(No symbol) [0x00007FF6A33F2647]\n   \t(No symbol) [0x00007FF6A33CF33F]\n   \t(No symbol) [0x00007FF6A33EF412]\n   \t(No symbol) [0x00007FF6A33CF0A3]\n   \t(No symbol) [0x00007FF6A339A778]\n   \t(No symbol) [0x00007FF6A339B8E1]\n   \tGetHandleVerifier [0x00007FF6A387FCED+3408013]\n   \tGetHandleVerifier [0x00007FF6A389745F+3504127]\n   \tGetHandleVerifier [0x00007FF6A388B63D+3455453]\n   \tGetHandleVerifier [0x00007FF6A360BDFB+835995]\n   \t(No symbol) [0x00007FF6A34BEB9F]\n   \t(No symbol) [0x00007FF6A34BA854]\n   \t(No symbol) [0x00007FF6A34BA9ED]\n   \t(No symbol) [0x00007FF6A34AA1D9]\n   \tBaseThreadInitThunk [0x00007FFF0240259D+29]\n   \tRtlUserThreadStart [0x00007FFF02F0AF38+40]\n", "test_name": "test_SignupWithUserNameAlreadyToken", "rerun": "0"}, "2": {"status": "PASS", "message": "", "test_name": "test_SignUpWithEmptyRequiredfile", "rerun": "0"}, "3": {"status": "PASS", "message": "", "test_name": "test_SignUpCorrectlyAndTheDataSavedOnTheBackend", "rerun": "0"}}, "status": {"total_pass": 3, "total_skip": 0, "total_xpass": 0, "total_xfail": 0, "total_rerun": 0, "total_fail": 1, "total_error": 0}}, "4": {"suite_name": "Tests/test_newUserSetUp.py", "tests": {"0": {"status": "FAIL", "message": "   selenium.common.exceptions.NoSuchElementException: Message: no such element: Unable to locate element: {\"method\":\"css selector\",\"selector\":\"*[data-test=\"user-onboarding-next\"]\"}\n     (Session info: chrome=131.0.6778.86); For documentation on this error, please visit: https://www.selenium.dev/documentation/webdriver/troubleshooting/errors#no-such-element-exception\n   Stacktrace:\n   \tGetHandleVerifier [0x00007FF6A3546CF5+28821]\n   \t(No symbol) [0x00007FF6A34B3880]\n   \t(No symbol) [0x00007FF6A335578A]\n   \t(No symbol) [0x00007FF6A33A91BE]\n   \t(No symbol) [0x00007FF6A33A94AC]\n   \t(No symbol) [0x00007FF6A33F2647]\n   \t(No symbol) [0x00007FF6A33CF33F]\n   \t(No symbol) [0x00007FF6A33EF412]\n   \t(No symbol) [0x00007FF6A33CF0A3]\n   \t(No symbol) [0x00007FF6A339A778]\n   \t(No symbol) [0x00007FF6A339B8E1]\n   \tGetHandleVerifier [0x00007FF6A387FCED+3408013]\n   \tGetHandleVerifier [0x00007FF6A389745F+3504127]\n   \tGetHandleVerifier [0x00007FF6A388B63D+3455453]\n   \tGetHandleVerifier [0x00007FF6A360BDFB+835995]\n   \t(No symbol) [0x00007FF6A34BEB9F]\n   \t(No symbol) [0x00007FF6A34BA854]\n   \t(No symbol) [0x00007FF6A34BA9ED]\n   \t(No symbol) [0x00007FF6A34AA1D9]\n   \tBaseThreadInitThunk [0x00007FFF0240259D+29]\n   \tRtlUserThreadStart [0x00007FFF02F0AF38+40]\n", "test_name": "test_CheckTheBankAccountDetilasAsRequist", "rerun": "0"}, "1": {"status": "FAIL", "message": "   selenium.common.exceptions.TimeoutException: Message: \n   Stacktrace:\n   \tGetHandleVerifier [0x00007FF6A3546CF5+28821]\n   \t(No symbol) [0x00007FF6A34B3880]\n   \t(No symbol) [0x00007FF6A335578A]\n   \t(No symbol) [0x00007FF6A33A91BE]\n   \t(No symbol) [0x00007FF6A33A94AC]\n   \t(No symbol) [0x00007FF6A33F2647]\n   \t(No symbol) [0x00007FF6A33CF33F]\n   \t(No symbol) [0x00007FF6A33EF412]\n   \t(No symbol) [0x00007FF6A33CF0A3]\n   \t(No symbol) [0x00007FF6A339A778]\n   \t(No symbol) [0x00007FF6A339B8E1]\n   \tGetHandleVerifier [0x00007FF6A387FCED+3408013]\n   \tGetHandleVerifier [0x00007FF6A389745F+3504127]\n   \tGetHandleVerifier [0x00007FF6A388B63D+3455453]\n   \tGetHandleVerifier [0x00007FF6A360BDFB+835995]\n   \t(No symbol) [0x00007FF6A34BEB9F]\n   \t(No symbol) [0x00007FF6A34BA854]\n   \t(No symbol) [0x00007FF6A34BA9ED]\n   \t(No symbol) [0x00007FF6A34AA1D9]\n   \tBaseThreadInitThunk [0x00007FFF0240259D+29]\n   \tRtlUserThreadStart [0x00007FFF02F0AF38+40]\n", "test_name": "test_getStartedMessage", "rerun": "0"}, "2": {"status": "FAIL", "message": "   selenium.common.exceptions.TimeoutException: Message: \n   Stacktrace:\n   \tGetHandleVerifier [0x00007FF6A3546CF5+28821]\n   \t(No symbol) [0x00007FF6A34B3880]\n   \t(No symbol) [0x00007FF6A335578A]\n   \t(No symbol) [0x00007FF6A33A91BE]\n   \t(No symbol) [0x00007FF6A33A94AC]\n   \t(No symbol) [0x00007FF6A33F2647]\n   \t(No symbol) [0x00007FF6A33CF33F]\n   \t(No symbol) [0x00007FF6A33EF412]\n   \t(No symbol) [0x00007FF6A33CF0A3]\n   \t(No symbol) [0x00007FF6A339A778]\n   \t(No symbol) [0x00007FF6A339B8E1]\n   \tGetHandleVerifier [0x00007FF6A387FCED+3408013]\n   \tGetHandleVerifier [0x00007FF6A389745F+3504127]\n   \tGetHandleVerifier [0x00007FF6A388B63D+3455453]\n   \tGetHandleVerifier [0x00007FF6A360BDFB+835995]\n   \t(No symbol) [0x00007FF6A34BEB9F]\n   \t(No symbol) [0x00007FF6A34BA854]\n   \t(No symbol) [0x00007FF6A34BA9ED]\n   \t(No symbol) [0x00007FF6A34AA1D9]\n   \tBaseThreadInitThunk [0x00007FFF0240259D+29]\n   \tRtlUserThreadStart [0x00007FFF02F0AF38+40]\n", "test_name": "test_startwithoutEnterBankAcoountDetilas", "rerun": "0"}, "3": {"status": "FAIL", "message": "   selenium.common.exceptions.TimeoutException: Message: \n   Stacktrace:\n   \tGetHandleVerifier [0x00007FF6A3546CF5+28821]\n   \t(No symbol) [0x00007FF6A34B3880]\n   \t(No symbol) [0x00007FF6A335578A]\n   \t(No symbol) [0x00007FF6A33A91BE]\n   \t(No symbol) [0x00007FF6A33A94AC]\n   \t(No symbol) [0x00007FF6A33F2647]\n   \t(No symbol) [0x00007FF6A33CF33F]\n   \t(No symbol) [0x00007FF6A33EF412]\n   \t(No symbol) [0x00007FF6A33CF0A3]\n   \t(No symbol) [0x00007FF6A339A778]\n   \t(No symbol) [0x00007FF6A339B8E1]\n   \tGetHandleVerifier [0x00007FF6A387FCED+3408013]\n   \tGetHandleVerifier [0x00007FF6A389745F+3504127]\n   \tGetHandleVerifier [0x00007FF6A388B63D+3455453]\n   \tGetHandleVerifier [0x00007FF6A360BDFB+835995]\n   \t(No symbol) [0x00007FF6A34BEB9F]\n   \t(No symbol) [0x00007FF6A34BA854]\n   \t(No symbol) [0x00007FF6A34BA9ED]\n   \t(No symbol) [0x00007FF6A34AA1D9]\n   \tBaseThreadInitThunk [0x00007FFF0240259D+29]\n   \tRtlUserThreadStart [0x00007FFF02F0AF38+40]\n", "test_name": "test_BankNameIsEmpty", "rerun": "0"}, "4": {"status": "FAIL", "message": "   selenium.common.exceptions.TimeoutException: Message: \n   Stacktrace:\n   \tGetHandleVerifier [0x00007FF6A3546CF5+28821]\n   \t(No symbol) [0x00007FF6A34B3880]\n   \t(No symbol) [0x00007FF6A335578A]\n   \t(No symbol) [0x00007FF6A33A91BE]\n   \t(No symbol) [0x00007FF6A33A94AC]\n   \t(No symbol) [0x00007FF6A33F2647]\n   \t(No symbol) [0x00007FF6A33CF33F]\n   \t(No symbol) [0x00007FF6A33EF412]\n   \t(No symbol) [0x00007FF6A33CF0A3]\n   \t(No symbol) [0x00007FF6A339A778]\n   \t(No symbol) [0x00007FF6A339B8E1]\n   \tGetHandleVerifier [0x00007FF6A387FCED+3408013]\n   \tGetHandleVerifier [0x00007FF6A389745F+3504127]\n   \tGetHandleVerifier [0x00007FF6A388B63D+3455453]\n   \tGetHandleVerifier [0x00007FF6A360BDFB+835995]\n   \t(No symbol) [0x00007FF6A34BEB9F]\n   \t(No symbol) [0x00007FF6A34BA854]\n   \t(No symbol) [0x00007FF6A34BA9ED]\n   \t(No symbol) [0x00007FF6A34AA1D9]\n   \tBaseThreadInitThunk [0x00007FFF0240259D+29]\n   \tRtlUserThreadStart [0x00007FFF02F0AF38+40]\n", "test_name": "test_RouterNumberIsEmpty", "rerun": "0"}, "5": {"status": "FAIL", "message": "   selenium.common.exceptions.TimeoutException: Message: \n   Stacktrace:\n   \tGetHandleVerifier [0x00007FF6A3546CF5+28821]\n   \t(No symbol) [0x00007FF6A34B3880]\n   \t(No symbol) [0x00007FF6A335578A]\n   \t(No symbol) [0x00007FF6A33A91BE]\n   \t(No symbol) [0x00007FF6A33A94AC]\n   \t(No symbol) [0x00007FF6A33F2647]\n   \t(No symbol) [0x00007FF6A33CF33F]\n   \t(No symbol) [0x00007FF6A33EF412]\n   \t(No symbol) [0x00007FF6A33CF0A3]\n   \t(No symbol) [0x00007FF6A339A778]\n   \t(No symbol) [0x00007FF6A339B8E1]\n   \tGetHandleVerifier [0x00007FF6A387FCED+3408013]\n   \tGetHandleVerifier [0x00007FF6A389745F+3504127]\n   \tGetHandleVerifier [0x00007FF6A388B63D+3455453]\n   \tGetHandleVerifier [0x00007FF6A360BDFB+835995]\n   \t(No symbol) [0x00007FF6A34BEB9F]\n   \t(No symbol) [0x00007FF6A34BA854]\n   \t(No symbol) [0x00007FF6A34BA9ED]\n   \t(No symbol) [0x00007FF6A34AA1D9]\n   \tBaseThreadInitThunk [0x00007FFF0240259D+29]\n   \tRtlUserThreadStart [0x00007FFF02F0AF38+40]\n", "test_name": "test_AccountNumberIsEmpty", "rerun": "0"}, "6": {"status": "PASS", "message": "", "test_name": "test_BankNameIsWrong", "rerun": "0"}, "7": {"status": "PASS", "message": "", "test_name": "test_AccountNumberIsWrong", "rerun": "0"}, "8": {"status": "PASS", "message": "", "test_name": "test_RouterNumberIsWrong", "rerun": "0"}}, "status": {"total_pass": 3, "total_skip": 0, "total_xpass": 0, "total_xfail": 0, "total_rerun": 0, "total_fail": 6, "total_error": 0}}, "5": {"suite_name": "Tests/test_settingAccount.py", "tests": {"0": {"status": "PASS", "message": "", "test_name": "test_settingAccountEmptyEmail", "rerun": "0"}, "1": {"status": "PASS", "message": "", "test_name": "test_settingAccountEmptyPhone", "rerun": "0"}, "2": {"status": "PASS", "message": "", "test_name": "test_settingAccountChangeFirstName", "rerun": "0"}}, "status": {"total_pass": 3, "total_skip": 0, "total_xpass": 0, "total_xfail": 0, "total_rerun": 0, "total_fail": 0, "total_error": 0}}, "6": {"suite_name": "Tests/test_transaction.py", "tests": {"0": {"status": "PASS", "message": "", "test_name": "test_transcationSearchInputMatching", "rerun": "0"}, "1": {"status": "FAIL", "message": "   selenium.common.exceptions.NoSuchElementException: Message: no such element: Unable to locate element: {\"method\":\"css selector\",\"selector\":\"*[data-test=\"user-list-item-uBmeaz5pX\"]\"}\n     (Session info: chrome=131.0.6778.86); For documentation on this error, please visit: https://www.selenium.dev/documentation/webdriver/troubleshooting/errors#no-such-element-exception\n   Stacktrace:\n   \tGetHandleVerifier [0x00007FF6A3546CF5+28821]\n   \t(No symbol) [0x00007FF6A34B3880]\n   \t(No symbol) [0x00007FF6A335578A]\n   \t(No symbol) [0x00007FF6A33A91BE]\n   \t(No symbol) [0x00007FF6A33A94AC]\n   \t(No symbol) [0x00007FF6A33F2647]\n   \t(No symbol) [0x00007FF6A33CF33F]\n   \t(No symbol) [0x00007FF6A33EF412]\n   \t(No symbol) [0x00007FF6A33CF0A3]\n   \t(No symbol) [0x00007FF6A339A778]\n   \t(No symbol) [0x00007FF6A339B8E1]\n   \tGetHandleVerifier [0x00007FF6A387FCED+3408013]\n   \tGetHandleVerifier [0x00007FF6A389745F+3504127]\n   \tGetHandleVerifier [0x00007FF6A388B63D+3455453]\n   \tGetHandleVerifier [0x00007FF6A360BDFB+835995]\n   \t(No symbol) [0x00007FF6A34BEB9F]\n   \t(No symbol) [0x00007FF6A34BA854]\n   \t(No symbol) [0x00007FF6A34BA9ED]\n   \t(No symbol) [0x00007FF6A34AA1D9]\n   \tBaseThreadInitThunk [0x00007FFF0240259D+29]\n   \tRtlUserThreadStart [0x00007FFF02F0AF38+40]\n", "test_name": "test_transcationSearchInputDonNotMatching", "rerun": "0"}, "2": {"status": "PASS", "message": "", "test_name": "test_transcationRequestProcess", "rerun": "0"}, "3": {"status": "PASS", "message": "", "test_name": "test_transcationPaymentProcess", "rerun": "0"}}, "status": {"total_pass": 3, "total_skip": 0, "total_xpass": 0, "total_xfail": 0, "total_rerun": 0, "total_fail": 1, "total_error": 0}}, "7": {"suite_name": "Tests/test_urlButtons.py", "tests": {"0": {"status": "PASS", "message": "", "test_name": "test_bankAccountButton", "rerun": "0"}, "1": {"status": "PASS", "message": "", "test_name": "test_logOutButton", "rerun": "0"}, "2": {"status": "PASS", "message": "", "test_name": "test_myAccountBotton", "rerun": "0"}, "3": {"status": "PASS", "message": "", "test_name": "test_newTransctionButton", "rerun": "0"}, "4": {"status": "PASS", "message": "", "test_name": "test_notifictionButton", "rerun": "0"}, "5": {"status": "PASS", "message": "", "test_name": "test_homeButton", "rerun": "0"}}, "status": {"total_pass": 6, "total_skip": 0, "total_xpass": 0, "total_xfail": 0, "total_rerun": 0, "total_fail": 0, "total_error": 0}}}}, "date": "December 04, 2024", "start_time": 1733305262.8239622, "total_suite": 8, "status": "FAIL", "status_list": {"pass": "25", "fail": "11", "skip": "0", "error": "0", "xpass": "0", "xfail": "0", "rerun": "0"}, "total_tests": "36"}